<?xml version="1.0" encoding="UTF-8"?>
<!-- Generated by org.testng.reporters.JUnitReportReporter -->
<testsuite hostname="DESKTOP-9S969CC" failures="0" tests="1" name="agastya.HomePageTests" time="9.872" errors="0" timestamp="2023-10-13T22:15:59 IST" skipped="0">
  <testcase classname="agastya.HomePageTests" name="verifySearchResultsOnSearchingFalcon" time="9.872"/>
</testsuite> <!-- agastya.HomePageTests -->
